# JRE version: Java(TM) SE Runtime Environment (8.0_231-b11) (build 1.8.0_231-b11)
# Java VM: Dynamic Code Evolution 64-Bit Server VM (25.71-b01-dcevmlight-26 mixed mode bsd-amd64 compressed oops)
Heap:
 def new generation   total 162688K, used 27312K [0x00000006c0000000, 0x00000006cb080000, 0x0000000715550000)
  eden space 144640K,  12% used [0x00000006c0000000, 0x00000006c1218228, 0x00000006c8d40000)
  from space 18048K,  48% used [0x00000006c9ee0000, 0x00000006ca774138, 0x00000006cb080000)
  to   space 18048K,   0% used [0x00000006c8d40000, 0x00000006c8d40000, 0x00000006c9ee0000)
 tenured generation   total 361428K, used 249283K [0x0000000715550000, 0x000000072b645000, 0x00000007c0000000)
   the space 361428K,  68% used [0x0000000715550000, 0x00000007248c0db8, 0x00000007248c0e00, 0x000000072b645000)
 Metaspace       used 103589K, capacity 121450K, committed 121600K, reserved 1153024K
  class space    used 15133K, capacity 17565K, committed 17664K, reserved 1048576K
GC Heap History (10 events):
Event: 642.298 GC heap before
{Heap before GC invocations=99 (full 6):
 def new generation   total 162688K, used 149323K [0x00000006c0000000, 0x00000006cb080000, 0x0000000715550000)
  eden space 144640K, 100% used [0x00000006c0000000, 0x00000006c8d40000, 0x00000006c8d40000)
  from space 18048K,  25% used [0x00000006c8d40000, 0x00000006c91d2c48, 0x00000006c9ee0000)
  to   space 18048K,   0% used [0x00000006c9ee0000, 0x00000006c9ee0000, 0x00000006cb080000)
 tenured generation   total 361428K, used 247588K [0x0000000715550000, 0x000000072b645000, 0x00000007c0000000)
   the space 361428K,  68% used [0x0000000715550000, 0x0000000724719288, 0x0000000724719400, 0x000000072b645000)
 Metaspace       used 93970K, capacity 104308K, committed 104448K, reserved 1138688K
  class space    used 13309K, capacity 14764K, committed 14848K, reserved 1048576K
Event: 642.315 GC heap after
Heap after GC invocations=100 (full 6):
 def new generation   total 162688K, used 6063K [0x00000006c0000000, 0x00000006cb080000, 0x0000000715550000)
  eden space 144640K,   0% used [0x00000006c0000000, 0x00000006c0000000, 0x00000006c8d40000)
  from space 18048K,  33% used [0x00000006c9ee0000, 0x00000006ca4cbea8, 0x00000006cb080000)
  to   space 18048K,   0% used [0x00000006c8d40000, 0x00000006c8d40000, 0x00000006c9ee0000)
 tenured generation   total 361428K, used 247588K [0x0000000715550000, 0x000000072b645000, 0x00000007c0000000)
   the space 361428K,  68% used [0x0000000715550000, 0x0000000724719288, 0x0000000724719400, 0x000000072b645000)
 Metaspace       used 93970K, capacity 104308K, committed 104448K, reserved 1138688K
  class space    used 13309K, capacity 14764K, committed 14848K, reserved 1048576K
}
Event: 842.533 GC heap before
{Heap before GC invocations=100 (full 6):
 def new generation   total 162688K, used 150703K [0x00000006c0000000, 0x00000006cb080000, 0x0000000715550000)
  eden space 144640K, 100% used [0x00000006c0000000, 0x00000006c8d40000, 0x00000006c8d40000)
  from space 18048K,  33% used [0x00000006c9ee0000, 0x00000006ca4cbea8, 0x00000006cb080000)
  to   space 18048K,   0% used [0x00000006c8d40000, 0x00000006c8d40000, 0x00000006c9ee0000)
 tenured generation   total 361428K, used 247588K [0x0000000715550000, 0x000000072b645000, 0x00000007c0000000)
   the space 361428K,  68% used [0x0000000715550000, 0x0000000724719288, 0x0000000724719400, 0x000000072b645000)
 Metaspace       used 96884K, capacity 109772K, committed 109952K, reserved 1142784K
  class space    used 13923K, capacity 15700K, committed 15744K, reserved 1048576K
Event: 842.553 GC heap after
Heap after GC invocations=101 (full 6):
 def new generation   total 162688K, used 7140K [0x00000006c0000000, 0x00000006cb080000, 0x0000000715550000)
  eden space 144640K,   0% used [0x00000006c0000000, 0x00000006c0000000, 0x00000006c8d40000)
  from space 18048K,  39% used [0x00000006c8d40000, 0x00000006c9439090, 0x00000006c9ee0000)
  to   space 18048K,   0% used [0x00000006c9ee0000, 0x00000006c9ee0000, 0x00000006cb080000)
 tenured generation   total 361428K, used 247588K [0x0000000715550000, 0x000000072b645000, 0x00000007c0000000)
   the space 361428K,  68% used [0x0000000715550000, 0x0000000724719288, 0x0000000724719400, 0x000000072b645000)
 Metaspace       used 96884K, capacity 109772K, committed 109952K, reserved 1142784K
  class space    used 13923K, capacity 15700K, committed 15744K, reserved 1048576K
}
Event: 875.979 GC heap before
{Heap before GC invocations=101 (full 6):
 def new generation   total 162688K, used 151780K [0x00000006c0000000, 0x00000006cb080000, 0x0000000715550000)
  eden space 144640K, 100% used [0x00000006c0000000, 0x00000006c8d40000, 0x00000006c8d40000)
  from space 18048K,  39% used [0x00000006c8d40000, 0x00000006c9439090, 0x00000006c9ee0000)
  to   space 18048K,   0% used [0x00000006c9ee0000, 0x00000006c9ee0000, 0x00000006cb080000)
 tenured generation   total 361428K, used 247588K [0x0000000715550000, 0x000000072b645000, 0x00000007c0000000)
   the space 361428K,  68% used [0x0000000715550000, 0x0000000724719288, 0x0000000724719400, 0x000000072b645000)
 Metaspace       used 99255K, capacity 114054K, committed 114304K, reserved 1146880K
  class space    used 14396K, capacity 16431K, committed 16512K, reserved 1048576K
Event: 876.001 GC heap after
Heap after GC invocations=102 (full 6):
 def new generation   total 162688K, used 8362K [0x00000006c0000000, 0x00000006cb080000, 0x0000000715550000)
  eden space 144640K,   0% used [0x00000006c0000000, 0x00000006c0000000, 0x00000006c8d40000)
  from space 18048K,  46% used [0x00000006c9ee0000, 0x00000006ca70abe8, 0x00000006cb080000)
  to   space 18048K,   0% used [0x00000006c8d40000, 0x00000006c8d40000, 0x00000006c9ee0000)
 tenured generation   total 361428K, used 247588K [0x0000000715550000, 0x000000072b645000, 0x00000007c0000000)
   the space 361428K,  68% used [0x0000000715550000, 0x0000000724719288, 0x0000000724719400, 0x000000072b645000)
 Metaspace       used 99255K, capacity 114054K, committed 114304K, reserved 1146880K
  class space    used 14396K, capacity 16431K, committed 16512K, reserved 1048576K
}
Event: 890.105 GC heap before
{Heap before GC invocations=102 (full 6):
 def new generation   total 162688K, used 153002K [0x00000006c0000000, 0x00000006cb080000, 0x0000000715550000)
  eden space 144640K, 100% used [0x00000006c0000000, 0x00000006c8d40000, 0x00000006c8d40000)
  from space 18048K,  46% used [0x00000006c9ee0000, 0x00000006ca70abe8, 0x00000006cb080000)
  to   space 18048K,   0% used [0x00000006c8d40000, 0x00000006c8d40000, 0x00000006c9ee0000)
 tenured generation   total 361428K, used 247588K [0x0000000715550000, 0x000000072b645000, 0x00000007c0000000)
   the space 361428K,  68% used [0x0000000715550000, 0x0000000724719288, 0x0000000724719400, 0x000000072b645000)
 Metaspace       used 100845K, capacity 116522K, committed 116736K, reserved 1148928K
  class space    used 14618K, capacity 16777K, committed 16896K, reserved 1048576K
Event: 890.131 GC heap after
Heap after GC invocations=103 (full 6):
 def new generation   total 162688K, used 9106K [0x00000006c0000000, 0x00000006cb080000, 0x0000000715550000)
  eden space 144640K,   0% used [0x00000006c0000000, 0x00000006c0000000, 0x00000006c8d40000)
  from space 18048K,  50% used [0x00000006c8d40000, 0x00000006c9624b48, 0x00000006c9ee0000)
  to   space 18048K,   0% used [0x00000006c9ee0000, 0x00000006c9ee0000, 0x00000006cb080000)
 tenured generation   total 361428K, used 247588K [0x0000000715550000, 0x000000072b645000, 0x00000007c0000000)
   the space 361428K,  68% used [0x0000000715550000, 0x0000000724719288, 0x0000000724719400, 0x000000072b645000)
 Metaspace       used 100845K, capacity 116522K, committed 116736K, reserved 1148928K
  class space    used 14618K, capacity 16777K, committed 16896K, reserved 1048576K
}
Event: 922.762 GC heap before
{Heap before GC invocations=103 (full 6):
 def new generation   total 162688K, used 153746K [0x00000006c0000000, 0x00000006cb080000, 0x0000000715550000)
  eden space 144640K, 100% used [0x00000006c0000000, 0x00000006c8d40000, 0x00000006c8d40000)
  from space 18048K,  50% used [0x00000006c8d40000, 0x00000006c9624b48, 0x00000006c9ee0000)
  to   space 18048K,   0% used [0x00000006c9ee0000, 0x00000006c9ee0000, 0x00000006cb080000)
 tenured generation   total 361428K, used 247588K [0x0000000715550000, 0x000000072b645000, 0x00000007c0000000)
   the space 361428K,  68% used [0x0000000715550000, 0x0000000724719288, 0x0000000724719400, 0x000000072b645000)
 Metaspace       used 103423K, capacity 121318K, committed 121600K, reserved 1153024K
  class space    used 15129K, capacity 17565K, committed 17664K, reserved 1048576K
Event: 922.803 GC heap after
Heap after GC invocations=104 (full 6):
 def new generation   total 162688K, used 8784K [0x00000006c0000000, 0x00000006cb080000, 0x0000000715550000)
  eden space 144640K,   0% used [0x00000006c0000000, 0x00000006c0000000, 0x00000006c8d40000)
  from space 18048K,  48% used [0x00000006c9ee0000, 0x00000006ca774138, 0x00000006cb080000)
  to   space 18048K,   0% used [0x00000006c8d40000, 0x00000006c8d40000, 0x00000006c9ee0000)
 tenured generation   total 361428K, used 249283K [0x0000000715550000, 0x000000072b645000, 0x00000007c0000000)
   the space 361428K,  68% used [0x0000000715550000, 0x00000007248c0db8, 0x00000007248c0e00, 0x000000072b645000)
 Metaspace       used 103423K, capacity 121318K, committed 121600K, reserved 1153024K
  class space    used 15129K, capacity 17565K, committed 17664K, reserved 1048576K
}

